mode: set
willMus\job\call.go:15.31,17.2 1 1
willMus\job\call.go:19.62,20.15 1 1
willMus\job\call.go:25.2,28.8 4 1
willMus\job\call.go:20.15,21.31 1 1
willMus\job\call.go:21.31,23.4 1 1
willMus\job\call.go:31.93,32.27 1 1
willMus\job\call.go:36.2,36.43 1 1
willMus\job\call.go:40.2,42.31 2 1
willMus\job\call.go:49.2,50.8 2 1
willMus\job\call.go:32.27,35.3 2 1
willMus\job\call.go:36.43,39.3 2 1
willMus\job\call.go:42.31,43.52 1 1
willMus\job\call.go:47.3,47.33 1 1
willMus\job\call.go:43.52,46.4 2 1
willMus\job\dispatcher.go:31.66,41.2 2 1
willMus\job\dispatcher.go:53.26,54.12 1 1
willMus\job\dispatcher.go:54.12,55.7 1 1
willMus\job\dispatcher.go:55.7,59.11 2 1
willMus\job\dispatcher.go:60.4,64.17 4 1
willMus\job\dispatcher.go:107.5,108.30 2 1
willMus\job\dispatcher.go:109.4,112.11 2 1
willMus\job\dispatcher.go:65.5,67.44 2 0
willMus\job\dispatcher.go:70.6,72.20 3 0
willMus\job\dispatcher.go:78.6,80.99 3 0
willMus\job\dispatcher.go:81.5,83.24 2 1
willMus\job\dispatcher.go:89.6,95.20 7 1
willMus\job\dispatcher.go:101.6,102.59 2 1
willMus\job\dispatcher.go:103.5,105.77 2 0
willMus\job\dispatcher.go:67.44,69.7 1 0
willMus\job\dispatcher.go:72.20,76.12 4 0
willMus\job\dispatcher.go:83.24,87.12 4 0
willMus\job\dispatcher.go:95.20,99.12 4 0
willMus\job\dispatcher.go:121.25,122.12 1 1
willMus\job\dispatcher.go:122.12,124.3 1 1
willMus\job\dispatcher.go:140.49,142.2 1 0
willMus\job\dispatcher.go:145.52,152.32 5 1
willMus\job\dispatcher.go:159.2,159.12 1 1
willMus\job\dispatcher.go:152.32,157.3 4 1
willMus\job\dispatcher.go:159.12,160.7 1 1
willMus\job\dispatcher.go:160.7,161.11 1 1
willMus\job\dispatcher.go:162.4,163.15 1 1
willMus\job\dispatcher.go:163.15,166.6 2 1
willMus\job\dispatcher.go:172.45,173.27 1 0
willMus\job\dispatcher.go:177.2,177.6 1 0
willMus\job\dispatcher.go:173.27,175.3 1 0
willMus\job\dispatcher.go:177.6,178.10 1 0
willMus\job\dispatcher.go:179.3,180.10 1 0
willMus\job\dispatcher.go:181.3,182.18 1 0
willMus\job\dispatcher.go:188.44,190.2 1 1
willMus\job\dispatcher.go:192.52,193.40 1 1
willMus\job\dispatcher.go:193.40,194.20 1 1
willMus\job\dispatcher.go:194.20,198.4 3 1
willMus\job\dispatcher.go:201.69,204.14 3 1
willMus\job\dispatcher.go:207.2,209.34 3 1
willMus\job\dispatcher.go:204.14,206.3 1 1
willMus\job\dispatcher.go:212.60,215.2 2 1
willMus\job\job.go:60.53,64.2 3 1
willMus\job\job.go:66.52,70.2 3 0
willMus\job\job.go:71.53,72.45 1 1
willMus\job\job.go:76.2,76.42 1 1
willMus\job\job.go:79.2,80.12 2 1
willMus\job\job.go:72.45,75.3 2 0
willMus\job\job.go:76.42,78.3 1 1
willMus\job\job.go:83.37,86.25 3 1
willMus\job\job.go:93.2,93.25 1 1
willMus\job\job.go:103.2,106.16 3 1
willMus\job\job.go:113.2,113.76 1 1
willMus\job\job.go:116.2,118.26 2 1
willMus\job\job.go:127.2,127.21 1 1
willMus\job\job.go:135.2,135.12 1 1
willMus\job\job.go:86.25,90.3 1 0
willMus\job\job.go:93.25,96.3 1 1
willMus\job\job.go:96.3,98.17 2 1
willMus\job\job.go:98.17,101.4 2 0
willMus\job\job.go:106.16,108.17 2 0
willMus\job\job.go:108.17,111.4 2 0
willMus\job\job.go:113.76,115.3 1 1
willMus\job\job.go:118.26,120.17 2 1
willMus\job\job.go:124.3,124.65 1 1
willMus\job\job.go:120.17,123.4 2 0
willMus\job\job.go:127.21,129.17 2 0
willMus\job\job.go:129.17,132.4 2 0
willMus\job\job.go:138.43,146.2 4 1
willMus\job\job.go:148.47,152.22 2 1
willMus\job\job.go:156.2,156.21 1 1
willMus\job\job.go:152.22,154.3 1 1
willMus\job\job.go:159.37,162.14 3 1
willMus\job\job.go:162.14,164.3 1 1
willMus\job\utils.go:10.39,12.2 1 0
willMus\job\utils.go:14.53,16.2 1 1
willMus\job\utils.go:18.40,21.2 2 0
willMus\job\utils.go:23.24,25.2 1 1
willMus\job\utils.go:27.34,29.2 1 0
